warning: doxygen no longer ships with the FreeSans font.
You may want to clear or change DOT_FONTNAME.
Otherwise you run the risk that the wrong font is being used for dot generated graphs.
/Users/stuti15/Documents/UIUC-Work/Research/iSEE/Cis_Repository/Models_AMQP/GrNM/src/Arabidopsis/Script_Arabidopsis_DataLeave0.m:43: warning: Unsupported xml/html tag <yTrain> found
/Users/stuti15/Documents/UIUC-Work/Research/iSEE/Cis_Repository/Models_AMQP/GrNM/src/Arabidopsis/Script_Arabidopsis_DataLeave0.m:43: warning: Unsupported xml/html tag <yTest> found
/Users/stuti15/Documents/UIUC-Work/Research/iSEE/Cis_Repository/Models_AMQP/GrNM/src/Arabidopsis/Script_Arabidopsis_DataLeave0.m:43: warning: Unsupported xml/html tag <knownTrain> found
/Users/stuti15/Documents/UIUC-Work/Research/iSEE/Cis_Repository/Models_AMQP/GrNM/src/Arabidopsis/Script_Arabidopsis_DataLeave0.m:43: warning: Unsupported xml/html tag <knownTest> found
/Users/stuti15/Documents/UIUC-Work/Research/iSEE/Cis_Repository/Models_AMQP/GrNM/src/Arabidopsis/Script_Arabidopsis_DataLeave0.m:43: warning: Unsupported xml/html tag <deltaTtrain> found
/Users/stuti15/Documents/UIUC-Work/Research/iSEE/Cis_Repository/Models_AMQP/GrNM/src/Arabidopsis/Script_Arabidopsis_DataLeave0.m:43: warning: Unsupported xml/html tag <deltaTtest> found
/Users/stuti15/Documents/UIUC-Work/Research/iSEE/Cis_Repository/Models_AMQP/GrNM/src/Arabidopsis/Script_Arabidopsis_DataLeave1.m:50: warning: Unsupported xml/html tag <yTrain> found
/Users/stuti15/Documents/UIUC-Work/Research/iSEE/Cis_Repository/Models_AMQP/GrNM/src/Arabidopsis/Script_Arabidopsis_DataLeave1.m:50: warning: Unsupported xml/html tag <yTest> found
/Users/stuti15/Documents/UIUC-Work/Research/iSEE/Cis_Repository/Models_AMQP/GrNM/src/Arabidopsis/Script_Arabidopsis_DataLeave1.m:50: warning: Unsupported xml/html tag <knownTrain> found
/Users/stuti15/Documents/UIUC-Work/Research/iSEE/Cis_Repository/Models_AMQP/GrNM/src/Arabidopsis/Script_Arabidopsis_DataLeave1.m:50: warning: Unsupported xml/html tag <knownTest> found
/Users/stuti15/Documents/UIUC-Work/Research/iSEE/Cis_Repository/Models_AMQP/GrNM/src/Arabidopsis/Script_Arabidopsis_DataLeave1.m:50: warning: Unsupported xml/html tag <deltaTtrain> found
/Users/stuti15/Documents/UIUC-Work/Research/iSEE/Cis_Repository/Models_AMQP/GrNM/src/Arabidopsis/Script_Arabidopsis_DataLeave1.m:50: warning: Unsupported xml/html tag <deltaTtest> found
/Users/stuti15/Documents/UIUC-Work/Research/iSEE/Cis_Repository/Models_AMQP/GrNM/src/Arabidopsis/Script_Arabidopsis_DataLeave2.m:43: warning: Unsupported xml/html tag <yTrain> found
/Users/stuti15/Documents/UIUC-Work/Research/iSEE/Cis_Repository/Models_AMQP/GrNM/src/Arabidopsis/Script_Arabidopsis_DataLeave2.m:43: warning: Unsupported xml/html tag <yTest> found
/Users/stuti15/Documents/UIUC-Work/Research/iSEE/Cis_Repository/Models_AMQP/GrNM/src/Arabidopsis/Script_Arabidopsis_DataLeave2.m:43: warning: Unsupported xml/html tag <knownTrain> found
/Users/stuti15/Documents/UIUC-Work/Research/iSEE/Cis_Repository/Models_AMQP/GrNM/src/Arabidopsis/Script_Arabidopsis_DataLeave2.m:43: warning: Unsupported xml/html tag <knownTest> found
/Users/stuti15/Documents/UIUC-Work/Research/iSEE/Cis_Repository/Models_AMQP/GrNM/src/Arabidopsis/Script_Arabidopsis_DataLeave2.m:43: warning: Unsupported xml/html tag <deltaTtrain> found
/Users/stuti15/Documents/UIUC-Work/Research/iSEE/Cis_Repository/Models_AMQP/GrNM/src/Arabidopsis/Script_Arabidopsis_DataLeave2.m:43: warning: Unsupported xml/html tag <deltaTtest> found
/Users/stuti15/Documents/UIUC-Work/Research/iSEE/Cis_Repository/Models_AMQP/GrNM/src/libs/bolasso/larsFast.m:172: warning: explicit link request to 'eml' could not be resolved
/Users/stuti15/Documents/UIUC-Work/Research/iSEE/Cis_Repository/Models_AMQP/GrNM/src/Arabidopsis/Script_Arabidopsis_DataLeave0.m:38: warning: Unsupported xml/html tag <yTrain> found
/Users/stuti15/Documents/UIUC-Work/Research/iSEE/Cis_Repository/Models_AMQP/GrNM/src/Arabidopsis/Script_Arabidopsis_DataLeave0.m:38: warning: Unsupported xml/html tag <yTest> found
/Users/stuti15/Documents/UIUC-Work/Research/iSEE/Cis_Repository/Models_AMQP/GrNM/src/Arabidopsis/Script_Arabidopsis_DataLeave0.m:38: warning: Unsupported xml/html tag <knownTrain> found
/Users/stuti15/Documents/UIUC-Work/Research/iSEE/Cis_Repository/Models_AMQP/GrNM/src/Arabidopsis/Script_Arabidopsis_DataLeave0.m:38: warning: Unsupported xml/html tag <knownTest> found
/Users/stuti15/Documents/UIUC-Work/Research/iSEE/Cis_Repository/Models_AMQP/GrNM/src/Arabidopsis/Script_Arabidopsis_DataLeave0.m:38: warning: Unsupported xml/html tag <deltaTtrain> found
/Users/stuti15/Documents/UIUC-Work/Research/iSEE/Cis_Repository/Models_AMQP/GrNM/src/Arabidopsis/Script_Arabidopsis_DataLeave0.m:38: warning: Unsupported xml/html tag <deltaTtest> found
/Users/stuti15/Documents/UIUC-Work/Research/iSEE/Cis_Repository/Models_AMQP/GrNM/src/Arabidopsis/Script_Arabidopsis_DataLeave0.m:43: warning: Unsupported xml/html tag <yTrain> found
/Users/stuti15/Documents/UIUC-Work/Research/iSEE/Cis_Repository/Models_AMQP/GrNM/src/Arabidopsis/Script_Arabidopsis_DataLeave0.m:43: warning: Unsupported xml/html tag <yTest> found
/Users/stuti15/Documents/UIUC-Work/Research/iSEE/Cis_Repository/Models_AMQP/GrNM/src/Arabidopsis/Script_Arabidopsis_DataLeave0.m:43: warning: Unsupported xml/html tag <knownTrain> found
/Users/stuti15/Documents/UIUC-Work/Research/iSEE/Cis_Repository/Models_AMQP/GrNM/src/Arabidopsis/Script_Arabidopsis_DataLeave0.m:43: warning: Unsupported xml/html tag <knownTest> found
/Users/stuti15/Documents/UIUC-Work/Research/iSEE/Cis_Repository/Models_AMQP/GrNM/src/Arabidopsis/Script_Arabidopsis_DataLeave0.m:43: warning: Unsupported xml/html tag <deltaTtrain> found
/Users/stuti15/Documents/UIUC-Work/Research/iSEE/Cis_Repository/Models_AMQP/GrNM/src/Arabidopsis/Script_Arabidopsis_DataLeave0.m:43: warning: Unsupported xml/html tag <deltaTtest> found
/Users/stuti15/Documents/UIUC-Work/Research/iSEE/Cis_Repository/Models_AMQP/GrNM/src/Arabidopsis/Script_Arabidopsis_DataLeave0.m:38: warning: Unsupported xml/html tag <yTrain> found
/Users/stuti15/Documents/UIUC-Work/Research/iSEE/Cis_Repository/Models_AMQP/GrNM/src/Arabidopsis/Script_Arabidopsis_DataLeave0.m:38: warning: Unsupported xml/html tag <yTest> found
/Users/stuti15/Documents/UIUC-Work/Research/iSEE/Cis_Repository/Models_AMQP/GrNM/src/Arabidopsis/Script_Arabidopsis_DataLeave0.m:38: warning: Unsupported xml/html tag <knownTrain> found
/Users/stuti15/Documents/UIUC-Work/Research/iSEE/Cis_Repository/Models_AMQP/GrNM/src/Arabidopsis/Script_Arabidopsis_DataLeave0.m:38: warning: Unsupported xml/html tag <knownTest> found
/Users/stuti15/Documents/UIUC-Work/Research/iSEE/Cis_Repository/Models_AMQP/GrNM/src/Arabidopsis/Script_Arabidopsis_DataLeave0.m:38: warning: Unsupported xml/html tag <deltaTtrain> found
/Users/stuti15/Documents/UIUC-Work/Research/iSEE/Cis_Repository/Models_AMQP/GrNM/src/Arabidopsis/Script_Arabidopsis_DataLeave0.m:38: warning: Unsupported xml/html tag <deltaTtest> found
/Users/stuti15/Documents/UIUC-Work/Research/iSEE/Cis_Repository/Models_AMQP/GrNM/src/Arabidopsis/Script_Arabidopsis_DataLeave0.m:43: warning: Unsupported xml/html tag <yTrain> found
/Users/stuti15/Documents/UIUC-Work/Research/iSEE/Cis_Repository/Models_AMQP/GrNM/src/Arabidopsis/Script_Arabidopsis_DataLeave0.m:43: warning: Unsupported xml/html tag <yTest> found
/Users/stuti15/Documents/UIUC-Work/Research/iSEE/Cis_Repository/Models_AMQP/GrNM/src/Arabidopsis/Script_Arabidopsis_DataLeave0.m:43: warning: Unsupported xml/html tag <knownTrain> found
/Users/stuti15/Documents/UIUC-Work/Research/iSEE/Cis_Repository/Models_AMQP/GrNM/src/Arabidopsis/Script_Arabidopsis_DataLeave0.m:43: warning: Unsupported xml/html tag <knownTest> found
/Users/stuti15/Documents/UIUC-Work/Research/iSEE/Cis_Repository/Models_AMQP/GrNM/src/Arabidopsis/Script_Arabidopsis_DataLeave0.m:43: warning: Unsupported xml/html tag <deltaTtrain> found
/Users/stuti15/Documents/UIUC-Work/Research/iSEE/Cis_Repository/Models_AMQP/GrNM/src/Arabidopsis/Script_Arabidopsis_DataLeave0.m:43: warning: Unsupported xml/html tag <deltaTtest> found
/Users/stuti15/Documents/UIUC-Work/Research/iSEE/Cis_Repository/Models_AMQP/GrNM/src/Arabidopsis/Script_Arabidopsis_DataLeave1.m:45: warning: Unsupported xml/html tag <yTrain> found
/Users/stuti15/Documents/UIUC-Work/Research/iSEE/Cis_Repository/Models_AMQP/GrNM/src/Arabidopsis/Script_Arabidopsis_DataLeave1.m:45: warning: Unsupported xml/html tag <yTest> found
/Users/stuti15/Documents/UIUC-Work/Research/iSEE/Cis_Repository/Models_AMQP/GrNM/src/Arabidopsis/Script_Arabidopsis_DataLeave1.m:45: warning: Unsupported xml/html tag <knownTrain> found
/Users/stuti15/Documents/UIUC-Work/Research/iSEE/Cis_Repository/Models_AMQP/GrNM/src/Arabidopsis/Script_Arabidopsis_DataLeave1.m:45: warning: Unsupported xml/html tag <knownTest> found
/Users/stuti15/Documents/UIUC-Work/Research/iSEE/Cis_Repository/Models_AMQP/GrNM/src/Arabidopsis/Script_Arabidopsis_DataLeave1.m:45: warning: Unsupported xml/html tag <deltaTtrain> found
/Users/stuti15/Documents/UIUC-Work/Research/iSEE/Cis_Repository/Models_AMQP/GrNM/src/Arabidopsis/Script_Arabidopsis_DataLeave1.m:45: warning: Unsupported xml/html tag <deltaTtest> found
/Users/stuti15/Documents/UIUC-Work/Research/iSEE/Cis_Repository/Models_AMQP/GrNM/src/Arabidopsis/Script_Arabidopsis_DataLeave1.m:50: warning: Unsupported xml/html tag <yTrain> found
/Users/stuti15/Documents/UIUC-Work/Research/iSEE/Cis_Repository/Models_AMQP/GrNM/src/Arabidopsis/Script_Arabidopsis_DataLeave1.m:50: warning: Unsupported xml/html tag <yTest> found
/Users/stuti15/Documents/UIUC-Work/Research/iSEE/Cis_Repository/Models_AMQP/GrNM/src/Arabidopsis/Script_Arabidopsis_DataLeave1.m:50: warning: Unsupported xml/html tag <knownTrain> found
/Users/stuti15/Documents/UIUC-Work/Research/iSEE/Cis_Repository/Models_AMQP/GrNM/src/Arabidopsis/Script_Arabidopsis_DataLeave1.m:50: warning: Unsupported xml/html tag <knownTest> found
/Users/stuti15/Documents/UIUC-Work/Research/iSEE/Cis_Repository/Models_AMQP/GrNM/src/Arabidopsis/Script_Arabidopsis_DataLeave1.m:50: warning: Unsupported xml/html tag <deltaTtrain> found
/Users/stuti15/Documents/UIUC-Work/Research/iSEE/Cis_Repository/Models_AMQP/GrNM/src/Arabidopsis/Script_Arabidopsis_DataLeave1.m:50: warning: Unsupported xml/html tag <deltaTtest> found
/Users/stuti15/Documents/UIUC-Work/Research/iSEE/Cis_Repository/Models_AMQP/GrNM/src/Arabidopsis/Script_Arabidopsis_DataLeave1.m:45: warning: Unsupported xml/html tag <yTrain> found
/Users/stuti15/Documents/UIUC-Work/Research/iSEE/Cis_Repository/Models_AMQP/GrNM/src/Arabidopsis/Script_Arabidopsis_DataLeave1.m:45: warning: Unsupported xml/html tag <yTest> found
/Users/stuti15/Documents/UIUC-Work/Research/iSEE/Cis_Repository/Models_AMQP/GrNM/src/Arabidopsis/Script_Arabidopsis_DataLeave1.m:45: warning: Unsupported xml/html tag <knownTrain> found
/Users/stuti15/Documents/UIUC-Work/Research/iSEE/Cis_Repository/Models_AMQP/GrNM/src/Arabidopsis/Script_Arabidopsis_DataLeave1.m:45: warning: Unsupported xml/html tag <knownTest> found
/Users/stuti15/Documents/UIUC-Work/Research/iSEE/Cis_Repository/Models_AMQP/GrNM/src/Arabidopsis/Script_Arabidopsis_DataLeave1.m:45: warning: Unsupported xml/html tag <deltaTtrain> found
/Users/stuti15/Documents/UIUC-Work/Research/iSEE/Cis_Repository/Models_AMQP/GrNM/src/Arabidopsis/Script_Arabidopsis_DataLeave1.m:45: warning: Unsupported xml/html tag <deltaTtest> found
/Users/stuti15/Documents/UIUC-Work/Research/iSEE/Cis_Repository/Models_AMQP/GrNM/src/Arabidopsis/Script_Arabidopsis_DataLeave1.m:50: warning: Unsupported xml/html tag <yTrain> found
/Users/stuti15/Documents/UIUC-Work/Research/iSEE/Cis_Repository/Models_AMQP/GrNM/src/Arabidopsis/Script_Arabidopsis_DataLeave1.m:50: warning: Unsupported xml/html tag <yTest> found
/Users/stuti15/Documents/UIUC-Work/Research/iSEE/Cis_Repository/Models_AMQP/GrNM/src/Arabidopsis/Script_Arabidopsis_DataLeave1.m:50: warning: Unsupported xml/html tag <knownTrain> found
/Users/stuti15/Documents/UIUC-Work/Research/iSEE/Cis_Repository/Models_AMQP/GrNM/src/Arabidopsis/Script_Arabidopsis_DataLeave1.m:50: warning: Unsupported xml/html tag <knownTest> found
/Users/stuti15/Documents/UIUC-Work/Research/iSEE/Cis_Repository/Models_AMQP/GrNM/src/Arabidopsis/Script_Arabidopsis_DataLeave1.m:50: warning: Unsupported xml/html tag <deltaTtrain> found
/Users/stuti15/Documents/UIUC-Work/Research/iSEE/Cis_Repository/Models_AMQP/GrNM/src/Arabidopsis/Script_Arabidopsis_DataLeave1.m:50: warning: Unsupported xml/html tag <deltaTtest> found
/Users/stuti15/Documents/UIUC-Work/Research/iSEE/Cis_Repository/Models_AMQP/GrNM/src/Arabidopsis/Script_Arabidopsis_DataLeave2.m:38: warning: Unsupported xml/html tag <yTrain> found
/Users/stuti15/Documents/UIUC-Work/Research/iSEE/Cis_Repository/Models_AMQP/GrNM/src/Arabidopsis/Script_Arabidopsis_DataLeave2.m:38: warning: Unsupported xml/html tag <yTest> found
/Users/stuti15/Documents/UIUC-Work/Research/iSEE/Cis_Repository/Models_AMQP/GrNM/src/Arabidopsis/Script_Arabidopsis_DataLeave2.m:38: warning: Unsupported xml/html tag <knownTrain> found
/Users/stuti15/Documents/UIUC-Work/Research/iSEE/Cis_Repository/Models_AMQP/GrNM/src/Arabidopsis/Script_Arabidopsis_DataLeave2.m:38: warning: Unsupported xml/html tag <knownTest> found
/Users/stuti15/Documents/UIUC-Work/Research/iSEE/Cis_Repository/Models_AMQP/GrNM/src/Arabidopsis/Script_Arabidopsis_DataLeave2.m:38: warning: Unsupported xml/html tag <deltaTtrain> found
/Users/stuti15/Documents/UIUC-Work/Research/iSEE/Cis_Repository/Models_AMQP/GrNM/src/Arabidopsis/Script_Arabidopsis_DataLeave2.m:38: warning: Unsupported xml/html tag <deltaTtest> found
/Users/stuti15/Documents/UIUC-Work/Research/iSEE/Cis_Repository/Models_AMQP/GrNM/src/Arabidopsis/Script_Arabidopsis_DataLeave2.m:43: warning: Unsupported xml/html tag <yTrain> found
/Users/stuti15/Documents/UIUC-Work/Research/iSEE/Cis_Repository/Models_AMQP/GrNM/src/Arabidopsis/Script_Arabidopsis_DataLeave2.m:43: warning: Unsupported xml/html tag <yTest> found
/Users/stuti15/Documents/UIUC-Work/Research/iSEE/Cis_Repository/Models_AMQP/GrNM/src/Arabidopsis/Script_Arabidopsis_DataLeave2.m:43: warning: Unsupported xml/html tag <knownTrain> found
/Users/stuti15/Documents/UIUC-Work/Research/iSEE/Cis_Repository/Models_AMQP/GrNM/src/Arabidopsis/Script_Arabidopsis_DataLeave2.m:43: warning: Unsupported xml/html tag <knownTest> found
/Users/stuti15/Documents/UIUC-Work/Research/iSEE/Cis_Repository/Models_AMQP/GrNM/src/Arabidopsis/Script_Arabidopsis_DataLeave2.m:43: warning: Unsupported xml/html tag <deltaTtrain> found
/Users/stuti15/Documents/UIUC-Work/Research/iSEE/Cis_Repository/Models_AMQP/GrNM/src/Arabidopsis/Script_Arabidopsis_DataLeave2.m:43: warning: Unsupported xml/html tag <deltaTtest> found
/Users/stuti15/Documents/UIUC-Work/Research/iSEE/Cis_Repository/Models_AMQP/GrNM/src/Arabidopsis/Script_Arabidopsis_DataLeave2.m:38: warning: Unsupported xml/html tag <yTrain> found
/Users/stuti15/Documents/UIUC-Work/Research/iSEE/Cis_Repository/Models_AMQP/GrNM/src/Arabidopsis/Script_Arabidopsis_DataLeave2.m:38: warning: Unsupported xml/html tag <yTest> found
/Users/stuti15/Documents/UIUC-Work/Research/iSEE/Cis_Repository/Models_AMQP/GrNM/src/Arabidopsis/Script_Arabidopsis_DataLeave2.m:38: warning: Unsupported xml/html tag <knownTrain> found
/Users/stuti15/Documents/UIUC-Work/Research/iSEE/Cis_Repository/Models_AMQP/GrNM/src/Arabidopsis/Script_Arabidopsis_DataLeave2.m:38: warning: Unsupported xml/html tag <knownTest> found
/Users/stuti15/Documents/UIUC-Work/Research/iSEE/Cis_Repository/Models_AMQP/GrNM/src/Arabidopsis/Script_Arabidopsis_DataLeave2.m:38: warning: Unsupported xml/html tag <deltaTtrain> found
/Users/stuti15/Documents/UIUC-Work/Research/iSEE/Cis_Repository/Models_AMQP/GrNM/src/Arabidopsis/Script_Arabidopsis_DataLeave2.m:38: warning: Unsupported xml/html tag <deltaTtest> found
/Users/stuti15/Documents/UIUC-Work/Research/iSEE/Cis_Repository/Models_AMQP/GrNM/src/Arabidopsis/Script_Arabidopsis_DataLeave2.m:43: warning: Unsupported xml/html tag <yTrain> found
/Users/stuti15/Documents/UIUC-Work/Research/iSEE/Cis_Repository/Models_AMQP/GrNM/src/Arabidopsis/Script_Arabidopsis_DataLeave2.m:43: warning: Unsupported xml/html tag <yTest> found
/Users/stuti15/Documents/UIUC-Work/Research/iSEE/Cis_Repository/Models_AMQP/GrNM/src/Arabidopsis/Script_Arabidopsis_DataLeave2.m:43: warning: Unsupported xml/html tag <knownTrain> found
/Users/stuti15/Documents/UIUC-Work/Research/iSEE/Cis_Repository/Models_AMQP/GrNM/src/Arabidopsis/Script_Arabidopsis_DataLeave2.m:43: warning: Unsupported xml/html tag <knownTest> found
/Users/stuti15/Documents/UIUC-Work/Research/iSEE/Cis_Repository/Models_AMQP/GrNM/src/Arabidopsis/Script_Arabidopsis_DataLeave2.m:43: warning: Unsupported xml/html tag <deltaTtrain> found
/Users/stuti15/Documents/UIUC-Work/Research/iSEE/Cis_Repository/Models_AMQP/GrNM/src/Arabidopsis/Script_Arabidopsis_DataLeave2.m:43: warning: Unsupported xml/html tag <deltaTtest> found
/Users/stuti15/Documents/UIUC-Work/Research/iSEE/Cis_Repository/Models_AMQP/GrNM/src/libs/bolasso/larsFast.m:167: warning: explicit link request to 'eml' could not be resolved
/Users/stuti15/Documents/UIUC-Work/Research/iSEE/Cis_Repository/Models_AMQP/GrNM/src/libs/bolasso/larsFast.m:172: warning: explicit link request to 'eml' could not be resolved
/Users/stuti15/Documents/UIUC-Work/Research/iSEE/Cis_Repository/Models_AMQP/GrNM/src/libs/bolasso/larsFast.m:167: warning: explicit link request to 'eml' could not be resolved
/Users/stuti15/Documents/UIUC-Work/Research/iSEE/Cis_Repository/Models_AMQP/GrNM/src/libs/bolasso/larsFast.m:172: warning: explicit link request to 'eml' could not be resolved
</Users/stuti15/Documents/UIUC-Work/Research/iSEE/Cis_Repository/Models_AMQP/GrNM/src/Arabidopsis/>:2: warning: Unsupported xml/html tag <yTrain> found
</Users/stuti15/Documents/UIUC-Work/Research/iSEE/Cis_Repository/Models_AMQP/GrNM/src/Arabidopsis/>:2: warning: Unsupported xml/html tag <yTest> found
</Users/stuti15/Documents/UIUC-Work/Research/iSEE/Cis_Repository/Models_AMQP/GrNM/src/Arabidopsis/>:2: warning: Unsupported xml/html tag <knownTrain> found
</Users/stuti15/Documents/UIUC-Work/Research/iSEE/Cis_Repository/Models_AMQP/GrNM/src/Arabidopsis/>:2: warning: Unsupported xml/html tag <knownTest> found
</Users/stuti15/Documents/UIUC-Work/Research/iSEE/Cis_Repository/Models_AMQP/GrNM/src/Arabidopsis/>:2: warning: Unsupported xml/html tag <deltaTtrain> found
</Users/stuti15/Documents/UIUC-Work/Research/iSEE/Cis_Repository/Models_AMQP/GrNM/src/Arabidopsis/>:2: warning: Unsupported xml/html tag <deltaTtest> found
</Users/stuti15/Documents/UIUC-Work/Research/iSEE/Cis_Repository/Models_AMQP/GrNM/src/Arabidopsis/>:2: warning: Unsupported xml/html tag <yTrain> found
</Users/stuti15/Documents/UIUC-Work/Research/iSEE/Cis_Repository/Models_AMQP/GrNM/src/Arabidopsis/>:2: warning: Unsupported xml/html tag <yTest> found
</Users/stuti15/Documents/UIUC-Work/Research/iSEE/Cis_Repository/Models_AMQP/GrNM/src/Arabidopsis/>:2: warning: Unsupported xml/html tag <knownTrain> found
</Users/stuti15/Documents/UIUC-Work/Research/iSEE/Cis_Repository/Models_AMQP/GrNM/src/Arabidopsis/>:2: warning: Unsupported xml/html tag <knownTest> found
</Users/stuti15/Documents/UIUC-Work/Research/iSEE/Cis_Repository/Models_AMQP/GrNM/src/Arabidopsis/>:2: warning: Unsupported xml/html tag <deltaTtrain> found
</Users/stuti15/Documents/UIUC-Work/Research/iSEE/Cis_Repository/Models_AMQP/GrNM/src/Arabidopsis/>:2: warning: Unsupported xml/html tag <deltaTtest> found
</Users/stuti15/Documents/UIUC-Work/Research/iSEE/Cis_Repository/Models_AMQP/GrNM/src/Arabidopsis/>:2: warning: Unsupported xml/html tag <yTrain> found
</Users/stuti15/Documents/UIUC-Work/Research/iSEE/Cis_Repository/Models_AMQP/GrNM/src/Arabidopsis/>:2: warning: Unsupported xml/html tag <yTest> found
</Users/stuti15/Documents/UIUC-Work/Research/iSEE/Cis_Repository/Models_AMQP/GrNM/src/Arabidopsis/>:2: warning: Unsupported xml/html tag <knownTrain> found
</Users/stuti15/Documents/UIUC-Work/Research/iSEE/Cis_Repository/Models_AMQP/GrNM/src/Arabidopsis/>:2: warning: Unsupported xml/html tag <knownTest> found
</Users/stuti15/Documents/UIUC-Work/Research/iSEE/Cis_Repository/Models_AMQP/GrNM/src/Arabidopsis/>:2: warning: Unsupported xml/html tag <deltaTtrain> found
</Users/stuti15/Documents/UIUC-Work/Research/iSEE/Cis_Repository/Models_AMQP/GrNM/src/Arabidopsis/>:2: warning: Unsupported xml/html tag <deltaTtest> found
</Users/stuti15/Documents/UIUC-Work/Research/iSEE/Cis_Repository/Models_AMQP/GrNM/src/libs/bolasso/>:1: warning: explicit link request to 'eml' could not be resolved
/Users/stuti15/Documents/UIUC-Work/Research/iSEE/Cis_Repository/Models_AMQP/GrNM/src/Arabidopsis/Script_Arabidopsis_DataLeave0.m:38: warning: Unsupported xml/html tag <yTrain> found
/Users/stuti15/Documents/UIUC-Work/Research/iSEE/Cis_Repository/Models_AMQP/GrNM/src/Arabidopsis/Script_Arabidopsis_DataLeave0.m:38: warning: Unsupported xml/html tag <yTest> found
/Users/stuti15/Documents/UIUC-Work/Research/iSEE/Cis_Repository/Models_AMQP/GrNM/src/Arabidopsis/Script_Arabidopsis_DataLeave0.m:38: warning: Unsupported xml/html tag <knownTrain> found
/Users/stuti15/Documents/UIUC-Work/Research/iSEE/Cis_Repository/Models_AMQP/GrNM/src/Arabidopsis/Script_Arabidopsis_DataLeave0.m:38: warning: Unsupported xml/html tag <knownTest> found
/Users/stuti15/Documents/UIUC-Work/Research/iSEE/Cis_Repository/Models_AMQP/GrNM/src/Arabidopsis/Script_Arabidopsis_DataLeave0.m:38: warning: Unsupported xml/html tag <deltaTtrain> found
/Users/stuti15/Documents/UIUC-Work/Research/iSEE/Cis_Repository/Models_AMQP/GrNM/src/Arabidopsis/Script_Arabidopsis_DataLeave0.m:38: warning: Unsupported xml/html tag <deltaTtest> found
/Users/stuti15/Documents/UIUC-Work/Research/iSEE/Cis_Repository/Models_AMQP/GrNM/src/Arabidopsis/Script_Arabidopsis_DataLeave1.m:45: warning: Unsupported xml/html tag <yTrain> found
/Users/stuti15/Documents/UIUC-Work/Research/iSEE/Cis_Repository/Models_AMQP/GrNM/src/Arabidopsis/Script_Arabidopsis_DataLeave1.m:45: warning: Unsupported xml/html tag <yTest> found
/Users/stuti15/Documents/UIUC-Work/Research/iSEE/Cis_Repository/Models_AMQP/GrNM/src/Arabidopsis/Script_Arabidopsis_DataLeave1.m:45: warning: Unsupported xml/html tag <knownTrain> found
/Users/stuti15/Documents/UIUC-Work/Research/iSEE/Cis_Repository/Models_AMQP/GrNM/src/Arabidopsis/Script_Arabidopsis_DataLeave1.m:45: warning: Unsupported xml/html tag <knownTest> found
/Users/stuti15/Documents/UIUC-Work/Research/iSEE/Cis_Repository/Models_AMQP/GrNM/src/Arabidopsis/Script_Arabidopsis_DataLeave1.m:45: warning: Unsupported xml/html tag <deltaTtrain> found
/Users/stuti15/Documents/UIUC-Work/Research/iSEE/Cis_Repository/Models_AMQP/GrNM/src/Arabidopsis/Script_Arabidopsis_DataLeave1.m:45: warning: Unsupported xml/html tag <deltaTtest> found
/Users/stuti15/Documents/UIUC-Work/Research/iSEE/Cis_Repository/Models_AMQP/GrNM/src/Arabidopsis/Script_Arabidopsis_DataLeave2.m:38: warning: Unsupported xml/html tag <yTrain> found
/Users/stuti15/Documents/UIUC-Work/Research/iSEE/Cis_Repository/Models_AMQP/GrNM/src/Arabidopsis/Script_Arabidopsis_DataLeave2.m:38: warning: Unsupported xml/html tag <yTest> found
/Users/stuti15/Documents/UIUC-Work/Research/iSEE/Cis_Repository/Models_AMQP/GrNM/src/Arabidopsis/Script_Arabidopsis_DataLeave2.m:38: warning: Unsupported xml/html tag <knownTrain> found
/Users/stuti15/Documents/UIUC-Work/Research/iSEE/Cis_Repository/Models_AMQP/GrNM/src/Arabidopsis/Script_Arabidopsis_DataLeave2.m:38: warning: Unsupported xml/html tag <knownTest> found
/Users/stuti15/Documents/UIUC-Work/Research/iSEE/Cis_Repository/Models_AMQP/GrNM/src/Arabidopsis/Script_Arabidopsis_DataLeave2.m:38: warning: Unsupported xml/html tag <deltaTtrain> found
/Users/stuti15/Documents/UIUC-Work/Research/iSEE/Cis_Repository/Models_AMQP/GrNM/src/Arabidopsis/Script_Arabidopsis_DataLeave2.m:38: warning: Unsupported xml/html tag <deltaTtest> found
/Users/stuti15/Documents/UIUC-Work/Research/iSEE/Cis_Repository/Models_AMQP/GrNM/src/libs/bolasso/larsFast.m:167: warning: explicit link request to 'eml' could not be resolved